<?xml version="1.0" encoding="UTF-8"?>
<testsuite errors="0" failures="1" file=".py" name="Suite-20200410145616" skipped="0" tests="1" time="2.167" timestamp="2020-04-10T14:56:18">
	<testcase classname="Suite" file="tests-win.py" line="55" name="test_advanced_auth_win_cred_pass" time="2.167" timestamp="2020-04-10T14:56:18">
		<failure message="pexpect failure - check input tokens, expected output, credentials" type="AssertionError">
<![CDATA[Traceback (most recent call last):
  File "tests-win.py", line 131, in test_advanced_auth_win_cred_pass
    "pexpect failure - check input tokens, expected output, credentials"
AssertionError: pexpect failure - check input tokens, expected output, credentials
]]>		</failure>
		<system-out>
<![CDATA[running command ./thy-win-x64.exe init --dev INIT_DEV_DOMAIN --config configs/advanced_auth_win_cred_pass_test.yml
  File "tests-win.py", line 75, in test_advanced_auth_win_cred_pass
    child.expect("Please enter store type")
  File "C:\Users\masres\thy\inittests\winenv\lib\site-packages\pexpect\spawnbase.py", line 341, in expect
    timeout, searchwindowsize, async_)
  File "C:\Users\masres\thy\inittests\winenv\lib\site-packages\pexpect\spawnbase.py", line 369, in expect_list
    return exp.expect_loop(timeout)
  File "C:\Users\masres\thy\inittests\winenv\lib\site-packages\pexpect\expect.py", line 117, in expect_loop
    return self.eof(e)
  File "C:\Users\masres\thy\inittests\winenv\lib\site-packages\pexpect\expect.py", line 63, in eof
    raise EOF(msg)

]]>		</system-out>
		<system-err>
<![CDATA[]]>		</system-err>
	</testcase>
</testsuite>
